results.mt159_CT10_mu2_pt50_10000/dist.mt159_CT10_mu2_pt50_10000.born_gg.out:# ...done.
results.mt159_CT10_mu2_pt50_10000/dist.mt159_CT10_mu2_pt50_10000.born_gqb.out:# ...done.
results.mt159_CT10_mu2_pt50_10000/dist.mt159_CT10_mu2_pt50_10000.born_qg.out:# ...done.
results.mt159_CT10_mu2_pt50_10000/dist.mt159_CT10_mu2_pt50_10000.born_qqb.out:# ...done.
results.mt160_CT10_mu2_pt50_10000/dist.mt160_CT10_mu2_pt50_10000.born_gg.out:# ...done.
results.mt160_CT10_mu2_pt50_10000/dist.mt160_CT10_mu2_pt50_10000.born_gqb.out:# ...done.
results.mt160_CT10_mu2_pt50_10000/dist.mt160_CT10_mu2_pt50_10000.born_qg.out:# ...done.
results.mt160_CT10_mu2_pt50_10000/dist.mt160_CT10_mu2_pt50_10000.born_qqb.out:# ...done.
results.mt160_CT10_mu2_pt50_5000/dist.mt160_CT10_mu2_pt50_5000.born_gg.out:# ...done.
results.mt160_CT10_mu2_pt50_5000/dist.mt160_CT10_mu2_pt50_5000.born_gqb.out:# ...done.
results.mt160_CT10_mu2_pt50_5000/dist.mt160_CT10_mu2_pt50_5000.born_qg.out:# ...done.
results.mt160_CT10_mu2_pt50_5000/dist.mt160_CT10_mu2_pt50_5000.real_proc0.out:# ...done.
results.mt160_CT10_mu2_pt50_5000/dist.mt160_CT10_mu2_pt50_5000.real_proc1.out:# ...done.
results.mt160_CT10_mu2_pt50_5000/dist.mt160_CT10_mu2_pt50_5000.real_proc11.out:# ...done.
results.mt160_CT10_mu2_pt50_5000/dist.mt160_CT10_mu2_pt50_5000.real_proc13.out:# ...done.
results.mt160_CT10_mu2_pt50_5000/dist.mt160_CT10_mu2_pt50_5000.real_proc14.out:# ...done.
results.mt160_CT10_mu2_pt50_5000/dist.mt160_CT10_mu2_pt50_5000.real_proc15.out:# ...done.
results.mt160_CT10_mu2_pt50_5000/dist.mt160_CT10_mu2_pt50_5000.real_proc17.out:# ...done.
results.mt160_CT10_mu2_pt50_5000/dist.mt160_CT10_mu2_pt50_5000.real_proc3.out:# ...done.
results.mt160_CT10_mu2_pt50_5000/dist.mt160_CT10_mu2_pt50_5000.real_proc6.out:# ...done.
results.mt160_CT10_mu2_pt50_5000/dist.mt160_CT10_mu2_pt50_5000.real_proc8.out:# ...done.
results.mt160_CT10_mu2_pt50_5000/dist.mt160_CT10_mu2_pt50_5000.real_proc9.out:# ...done.
results.mt160_CT10_mu2_pt50_5000/dist.mt160_CT10_mu2_pt50_5000.subtractions_proc18.out:# ...done.
results.mt160_CT10_mu2_pt50_5000/dist.mt160_CT10_mu2_pt50_5000.subtractions_proc21.out:# ...done.
results.mt160_CT10_mu2_pt50_5000/dist.mt160_CT10_mu2_pt50_5000.subtractions_proc24.out:# ...done.
results.mt160_CT10_mu2_pt50_5000/dist.mt160_CT10_mu2_pt50_5000.virtual_gg.out:# gggtt2virt: Initialize color matrix... done.
results.mt160_CT10_mu2_pt50_5000/dist.mt160_CT10_mu2_pt50_5000.virtual_gg.out:# ...done.
results.mt160_CT10_mu2_pt50_5000/dist.mt160_CT10_mu2_pt50_5000.virtual_gqb.out:# ...done.
results.mt160_CT10_mu2_pt50_5000/dist.mt160_CT10_mu2_pt50_5000.virtual_qg.out:# ...done.
results.mt160_CT10_mu2_pt50_5000/dist.mt160_CT10_mu2_pt50_5000.virtual_qqb.out:# ...done.
results.mt161_CT10_mu2_pt50_10000/dist.mt161_CT10_mu2_pt50_10000.born_gg.out:# ...done.
results.mt161_CT10_mu2_pt50_10000/dist.mt161_CT10_mu2_pt50_10000.born_gqb.out:# ...done.
results.mt161_CT10_mu2_pt50_10000/dist.mt161_CT10_mu2_pt50_10000.born_qg.out:# ...done.
results.mt161_CT10_mu2_pt50_10000/dist.mt161_CT10_mu2_pt50_10000.born_qqb.out:# ...done.
results.mt162_CT10_mu2_pt50_10000/dist.mt162_CT10_mu2_pt50_10000.born_gg.out:# ...done.
results.mt162_CT10_mu2_pt50_10000/dist.mt162_CT10_mu2_pt50_10000.born_gqb.out:# ...done.
results.mt162_CT10_mu2_pt50_10000/dist.mt162_CT10_mu2_pt50_10000.born_qg.out:# ...done.
results.mt162_CT10_mu2_pt50_10000/dist.mt162_CT10_mu2_pt50_10000.born_qqb.out:# ...done.
results.mt162_CT10_mu2_pt50_5000/dist.mt162_CT10_mu2_pt50_5000.born_gg.out:# ...done.
results.mt162_CT10_mu2_pt50_5000/dist.mt162_CT10_mu2_pt50_5000.born_gqb.out:# ...done.
results.mt162_CT10_mu2_pt50_5000/dist.mt162_CT10_mu2_pt50_5000.born_qg.out:# ...done.
results.mt162_CT10_mu2_pt50_5000/dist.mt162_CT10_mu2_pt50_5000.born_qqb.out:# ...done.
results.mt162_CT10_mu2_pt50_5000/dist.mt162_CT10_mu2_pt50_5000.real_proc0.out:# ...done.
results.mt162_CT10_mu2_pt50_5000/dist.mt162_CT10_mu2_pt50_5000.real_proc1.out:# ...done.
results.mt162_CT10_mu2_pt50_5000/dist.mt162_CT10_mu2_pt50_5000.real_proc11.out:# ...done.
results.mt162_CT10_mu2_pt50_5000/dist.mt162_CT10_mu2_pt50_5000.real_proc13.out:# ...done.
results.mt162_CT10_mu2_pt50_5000/dist.mt162_CT10_mu2_pt50_5000.real_proc14.out:# ...done.
results.mt162_CT10_mu2_pt50_5000/dist.mt162_CT10_mu2_pt50_5000.real_proc15.out:# ...done.
results.mt162_CT10_mu2_pt50_5000/dist.mt162_CT10_mu2_pt50_5000.real_proc17.out:# ...done.
results.mt162_CT10_mu2_pt50_5000/dist.mt162_CT10_mu2_pt50_5000.real_proc3.out:# ...done.
results.mt162_CT10_mu2_pt50_5000/dist.mt162_CT10_mu2_pt50_5000.real_proc6.out:# ...done.
results.mt162_CT10_mu2_pt50_5000/dist.mt162_CT10_mu2_pt50_5000.real_proc7.out:# ...done.
results.mt162_CT10_mu2_pt50_5000/dist.mt162_CT10_mu2_pt50_5000.real_proc8.out:# ...done.
results.mt162_CT10_mu2_pt50_5000/dist.mt162_CT10_mu2_pt50_5000.real_proc9.out:# ...done.
results.mt162_CT10_mu2_pt50_5000/dist.mt162_CT10_mu2_pt50_5000.subtractions_proc18.out:# ...done.
results.mt162_CT10_mu2_pt50_5000/dist.mt162_CT10_mu2_pt50_5000.subtractions_proc20.out:# ...done.
results.mt162_CT10_mu2_pt50_5000/dist.mt162_CT10_mu2_pt50_5000.subtractions_proc21.out:# ...done.
results.mt162_CT10_mu2_pt50_5000/dist.mt162_CT10_mu2_pt50_5000.virtual_gg.out:# gggtt2virt: Initialize color matrix... done.
results.mt162_CT10_mu2_pt50_5000/dist.mt162_CT10_mu2_pt50_5000.virtual_gg.out:# ...done.
results.mt162_CT10_mu2_pt50_5000/dist.mt162_CT10_mu2_pt50_5000.virtual_gqb.out:# ...done.
results.mt162_CT10_mu2_pt50_5000/dist.mt162_CT10_mu2_pt50_5000.virtual_qg.out:# ...done.
results.mt162_CT10_mu2_pt50_5000/dist.mt162_CT10_mu2_pt50_5000.virtual_qqb.out:# ...done.
results.mt163_CT10_mu2_pt50_10000/dist.mt163_CT10_mu2_pt50_10000.born_gg.out:# ...done.
results.mt163_CT10_mu2_pt50_10000/dist.mt163_CT10_mu2_pt50_10000.born_gqb.out:# ...done.
results.mt163_CT10_mu2_pt50_10000/dist.mt163_CT10_mu2_pt50_10000.born_qg.out:# ...done.
results.mt163_CT10_mu2_pt50_10000/dist.mt163_CT10_mu2_pt50_10000.born_qqb.out:# ...done.
results.mt164_CT10_mu2_pt50_10000/dist.mt164_CT10_mu2_pt50_10000.born_gg.out:# ...done.
results.mt164_CT10_mu2_pt50_10000/dist.mt164_CT10_mu2_pt50_10000.born_gqb.out:# ...done.
results.mt164_CT10_mu2_pt50_10000/dist.mt164_CT10_mu2_pt50_10000.born_qg.out:# ...done.
results.mt164_CT10_mu2_pt50_10000/dist.mt164_CT10_mu2_pt50_10000.born_qqb.out:# ...done.
results.mt164_CT10_mu2_pt50_5000/dist.mt164_CT10_mu2_pt50_5000.born_gg.out:# ...done.
results.mt164_CT10_mu2_pt50_5000/dist.mt164_CT10_mu2_pt50_5000.born_gqb.out:# ...done.
results.mt164_CT10_mu2_pt50_5000/dist.mt164_CT10_mu2_pt50_5000.born_qg.out:# ...done.
results.mt164_CT10_mu2_pt50_5000/dist.mt164_CT10_mu2_pt50_5000.born_qqb.out:# ...done.
results.mt164_CT10_mu2_pt50_5000/dist.mt164_CT10_mu2_pt50_5000.real_proc0.out:# ...done.
results.mt164_CT10_mu2_pt50_5000/dist.mt164_CT10_mu2_pt50_5000.real_proc1.out:# ...done.
results.mt164_CT10_mu2_pt50_5000/dist.mt164_CT10_mu2_pt50_5000.real_proc11.out:# ...done.
results.mt164_CT10_mu2_pt50_5000/dist.mt164_CT10_mu2_pt50_5000.real_proc13.out:# ...done.
results.mt164_CT10_mu2_pt50_5000/dist.mt164_CT10_mu2_pt50_5000.real_proc14.out:# ...done.
results.mt164_CT10_mu2_pt50_5000/dist.mt164_CT10_mu2_pt50_5000.real_proc15.out:# ...done.
results.mt164_CT10_mu2_pt50_5000/dist.mt164_CT10_mu2_pt50_5000.real_proc17.out:# ...done.
results.mt164_CT10_mu2_pt50_5000/dist.mt164_CT10_mu2_pt50_5000.real_proc6.out:# ...done.
results.mt164_CT10_mu2_pt50_5000/dist.mt164_CT10_mu2_pt50_5000.real_proc7.out:# ...done.
results.mt164_CT10_mu2_pt50_5000/dist.mt164_CT10_mu2_pt50_5000.real_proc8.out:# ...done.
results.mt164_CT10_mu2_pt50_5000/dist.mt164_CT10_mu2_pt50_5000.real_proc9.out:# ...done.
results.mt164_CT10_mu2_pt50_5000/dist.mt164_CT10_mu2_pt50_5000.subtractions_proc18.out:# ...done.
results.mt164_CT10_mu2_pt50_5000/dist.mt164_CT10_mu2_pt50_5000.subtractions_proc20.out:# ...done.
results.mt164_CT10_mu2_pt50_5000/dist.mt164_CT10_mu2_pt50_5000.subtractions_proc21.out:# ...done.
results.mt164_CT10_mu2_pt50_5000/dist.mt164_CT10_mu2_pt50_5000.subtractions_proc24.out:# ...done.
results.mt164_CT10_mu2_pt50_5000/dist.mt164_CT10_mu2_pt50_5000.virtual_gg.out:# gggtt2virt: Initialize color matrix... done.
results.mt164_CT10_mu2_pt50_5000/dist.mt164_CT10_mu2_pt50_5000.virtual_gg.out:# ...done.
results.mt164_CT10_mu2_pt50_5000/dist.mt164_CT10_mu2_pt50_5000.virtual_gqb.out:# ...done.
results.mt164_CT10_mu2_pt50_5000/dist.mt164_CT10_mu2_pt50_5000.virtual_qg.out:# ...done.
results.mt164_CT10_mu2_pt50_5000/dist.mt164_CT10_mu2_pt50_5000.virtual_qqb.out:# ...done.
results.mt165_CT10_mu2_pt50_10000/dist.mt165_CT10_mu2_pt50_10000.born_gg.out:# ...done.
results.mt165_CT10_mu2_pt50_10000/dist.mt165_CT10_mu2_pt50_10000.born_gqb.out:# ...done.
results.mt165_CT10_mu2_pt50_10000/dist.mt165_CT10_mu2_pt50_10000.born_qg.out:# ...done.
results.mt165_CT10_mu2_pt50_10000/dist.mt165_CT10_mu2_pt50_10000.born_qqb.out:# ...done.
results.mt166_CT10_mu2_pt50_10000/dist.mt166_CT10_mu2_pt50_10000.born_gg.out:# ...done.
results.mt166_CT10_mu2_pt50_10000/dist.mt166_CT10_mu2_pt50_10000.born_gqb.out:# ...done.
results.mt166_CT10_mu2_pt50_10000/dist.mt166_CT10_mu2_pt50_10000.born_qg.out:# ...done.
results.mt166_CT10_mu2_pt50_10000/dist.mt166_CT10_mu2_pt50_10000.born_qqb.out:# ...done.
results.mt166_CT10_mu2_pt50_5000/dist.mt166_CT10_mu2_pt50_5000.born_gg.out:# ...done.
results.mt166_CT10_mu2_pt50_5000/dist.mt166_CT10_mu2_pt50_5000.born_gqb.out:# ...done.
results.mt166_CT10_mu2_pt50_5000/dist.mt166_CT10_mu2_pt50_5000.born_qg.out:# ...done.
results.mt166_CT10_mu2_pt50_5000/dist.mt166_CT10_mu2_pt50_5000.born_qqb.out:# ...done.
results.mt166_CT10_mu2_pt50_5000/dist.mt166_CT10_mu2_pt50_5000.real_proc0.out:# ...done.
results.mt166_CT10_mu2_pt50_5000/dist.mt166_CT10_mu2_pt50_5000.real_proc1.out:# ...done.
results.mt166_CT10_mu2_pt50_5000/dist.mt166_CT10_mu2_pt50_5000.real_proc11.out:# ...done.
results.mt166_CT10_mu2_pt50_5000/dist.mt166_CT10_mu2_pt50_5000.real_proc13.out:# ...done.
results.mt166_CT10_mu2_pt50_5000/dist.mt166_CT10_mu2_pt50_5000.real_proc14.out:# ...done.
results.mt166_CT10_mu2_pt50_5000/dist.mt166_CT10_mu2_pt50_5000.real_proc15.out:# ...done.
results.mt166_CT10_mu2_pt50_5000/dist.mt166_CT10_mu2_pt50_5000.real_proc17.out:# ...done.
results.mt166_CT10_mu2_pt50_5000/dist.mt166_CT10_mu2_pt50_5000.real_proc6.out:# ...done.
results.mt166_CT10_mu2_pt50_5000/dist.mt166_CT10_mu2_pt50_5000.real_proc7.out:# ...done.
results.mt166_CT10_mu2_pt50_5000/dist.mt166_CT10_mu2_pt50_5000.real_proc8.out:# ...done.
results.mt166_CT10_mu2_pt50_5000/dist.mt166_CT10_mu2_pt50_5000.real_proc9.out:# ...done.
results.mt166_CT10_mu2_pt50_5000/dist.mt166_CT10_mu2_pt50_5000.subtractions_proc18.out:# ...done.
results.mt166_CT10_mu2_pt50_5000/dist.mt166_CT10_mu2_pt50_5000.subtractions_proc20.out:# ...done.
results.mt166_CT10_mu2_pt50_5000/dist.mt166_CT10_mu2_pt50_5000.subtractions_proc21.out:# ...done.
results.mt166_CT10_mu2_pt50_5000/dist.mt166_CT10_mu2_pt50_5000.subtractions_proc24.out:# ...done.
results.mt166_CT10_mu2_pt50_5000/dist.mt166_CT10_mu2_pt50_5000.virtual_gg.out:# gggtt2virt: Initialize color matrix... done.
results.mt166_CT10_mu2_pt50_5000/dist.mt166_CT10_mu2_pt50_5000.virtual_gg.out:# ...done.
results.mt166_CT10_mu2_pt50_5000/dist.mt166_CT10_mu2_pt50_5000.virtual_gqb.out:# ...done.
results.mt166_CT10_mu2_pt50_5000/dist.mt166_CT10_mu2_pt50_5000.virtual_qg.out:# ...done.
results.mt166_CT10_mu2_pt50_5000/dist.mt166_CT10_mu2_pt50_5000.virtual_qqb.out:# ...done.
results.mt167_CT10_mu2_pt50_10000/dist.mt167_CT10_mu2_pt50_10000.born_gg.out:# ...done.
results.mt167_CT10_mu2_pt50_10000/dist.mt167_CT10_mu2_pt50_10000.born_gqb.out:# ...done.
results.mt167_CT10_mu2_pt50_10000/dist.mt167_CT10_mu2_pt50_10000.born_qg.out:# ...done.
results.mt167_CT10_mu2_pt50_10000/dist.mt167_CT10_mu2_pt50_10000.born_qqb.out:# ...done.
