# 
# 
######################################################################################################### 
# ROOT FILE  CT107TeV_mt166_plus05_mu05_pt50_LO.root
######################################################################################################### 
# 
# 
#file number 0
#File name: ../../LOmtpole/dist.LO.mt166_plus05_CT10_mu05_pt50_10000.born_gg.out
#settings on the simulation: 
#./main.exe  --lhc --sqrtshad=7000 --topmass 166.5 --scale_value 83 --leadingorder --virtual --gg --ktmin 50 --vegaspoints 10000
#LHAPDF:  CT10.LHgrid
#alphasNLO  0.119682
#Total time of calc: 1.08366 d
#Calculated Process Cross-Section = 37.6676 +- 0.0491325
#LO  contribution
# 
#file number 1
#File name: ../../LOmtpole/dist.LO.mt166_plus05_CT10_mu05_pt50_10000.born_qqb.out
#settings on the simulation: 
#./main.exe  --lhc --sqrtshad=7000 --topmass 166.5 --scale_value 83 --leadingorder --virtual --qqb --ktmin 50 --vegaspoints 10000
#LHAPDF:  CT10.LHgrid
#alphasNLO  0.119682
#Total time of calc: 0.541493 d
#Calculated Process Cross-Section = 3.49658 +- 0.0154532
#LO  contribution
# 
#file number 2
#File name: ../../LOmtpole/dist.LO.mt166_plus05_CT10_mu05_pt50_10000.born_qg.out
#settings on the simulation: 
#./main.exe  --lhc --sqrtshad=7000 --topmass 166.5 --scale_value 83 --leadingorder --virtual --qg --ktmin 50 --vegaspoints 10000
#LHAPDF:  CT10.LHgrid
#alphasNLO  0.119682
#Total time of calc: 0.642199 d
#Calculated Process Cross-Section = 17.8028 +- 0.0322335
#LO  contribution
# 
#file number 3
#File name: ../../LOmtpole/dist.LO.mt166_plus05_CT10_mu05_pt50_10000.born_gqb.out
#settings on the simulation: 
#./main.exe  --lhc --sqrtshad=7000 --topmass 166.5 --scale_value 83 --leadingorder --virtual --gqb --ktmin 50 --vegaspoints 10000
#LHAPDF:  CT10.LHgrid
#alphasNLO  0.119682
#Total time of calc: 0.625289 d
#Calculated Process Cross-Section = 3.32188 +- 0.0134127
#LO  contribution
# 
# 
# 
####################################################
# SUMMARY RESULTS FOR: CT107TeV_mt166_plus05_mu05_pt50_NLO
# JETALGORITHM = antikt
# JETCONESIZE = 0.4
# JETMINIMUMPT = 50
# TOPPOLEMASS = 166
# DELTATOPPOLEMASS = 0.5
# SCALEFACTOR = 0.5
# SCALE = SCALEFACTOR*TOPPOLEMASS, no SCALEFACTOR*(TOPPOLEMASS+DELTATOPMASS)
# alpha_S(Q=Mt*mu) = 0.119682
# SIGMA tt+Jet = 62.2888 +- 0.00264505
# LO_SIGMA = 62.2888 +- 0.00264505
# NLO_SIGMA = 0 +- 0
# SIGMA =   LO_SIGMA    +  NLO_SIGMA 
# SIGMA = (alpha_S/Pi)^3 * Sigma_0 + (alpha_S/Pi)^4 * Sigma_1 
# Sigma_0= 1.12661e+06
# Sigma_1= 0
# alpha_S/Pi = 0.038096
####################################################
# ATLAS binning N3 distribution 
# HISTSTART 
# DATASTART : centre-of-bin, data, errorestimate
0.125 2.87367 0.000537561
0.2875 5.96937 0.00088273
0.375 12.829 0.00129492
0.475 15.1886 0.00144255
0.6 18.4811 0.00165673
0.8375 6.94711 0.00109037
# DATAEND 
# HISTEND 
