# 
# 
######################################################################################################### 
# ROOT FILE  CT107TeV_mt166_mu05_pt50_LO.root
######################################################################################################### 
# 
# 
#file number 0
#File name: ../../LOmtpole/dist.LO.mt166_CT10_mu05_pt50_10000.born_gg.out
#settings on the simulation: 
#./main.exe  --lhc --sqrtshad=7000 --topmass 166 --scale_value 83 --leadingorder --virtual --gg --ktmin 50 --vegaspoints 10000
#LHAPDF:  CT10.LHgrid
#alphasNLO  0.119682
#Total time of calc: 0.804699 d
#Calculated Process Cross-Section = 38.1396 +- 0.0494571
#LO  contribution
# 
#file number 1
#File name: ../../LOmtpole/dist.LO.mt166_CT10_mu05_pt50_10000.born_qqb.out
#settings on the simulation: 
#./main.exe  --lhc --sqrtshad=7000 --topmass 166 --scale_value 83 --leadingorder --virtual --qqb --ktmin 50 --vegaspoints 10000
#LHAPDF:  CT10.LHgrid
#alphasNLO  0.119682
#Total time of calc: 0.606632 d
#Calculated Process Cross-Section = 3.52649 +- 0.0155242
#LO  contribution
# 
#file number 2
#File name: ../../LOmtpole/dist.LO.mt166_CT10_mu05_pt50_10000.born_qg.out
#settings on the simulation: 
#./main.exe  --lhc --sqrtshad=7000 --topmass 166 --scale_value 83 --leadingorder --virtual --qg --ktmin 50 --vegaspoints 10000
#LHAPDF:  CT10.LHgrid
#alphasNLO  0.119682
#Total time of calc: 0.627245 d
#Calculated Process Cross-Section = 18.0171 +- 0.0324345
#LO  contribution
# 
#file number 3
#File name: ../../LOmtpole/dist.LO.mt166_CT10_mu05_pt50_10000.born_gqb.out
#settings on the simulation: 
#./main.exe  --lhc --sqrtshad=7000 --topmass 166 --scale_value 83 --leadingorder --virtual --gqb --ktmin 50 --vegaspoints 10000
#LHAPDF:  CT10.LHgrid
#alphasNLO  0.119682
#Total time of calc: 0.640382 d
#Calculated Process Cross-Section = 3.36826 +- 0.0135093
#LO  contribution
# 
# 
# 
####################################################
# SUMMARY RESULTS FOR: CT107TeV_mt166_mu05_pt50_NLO
# JETALGORITHM = antikt
# JETCONESIZE = 0.4
# JETMINIMUMPT = 50
# TOPPOLEMASS = 166
# DELTATOPPOLEMASS = 
# SCALEFACTOR = 0.5
# SCALE = SCALEFACTOR*TOPPOLEMASS, no SCALEFACTOR*(TOPPOLEMASS+DELTATOPMASS)
# alpha_S(Q=Mt*mu) = 0.119682
# SIGMA tt+Jet = 63.0514 +- 0.00267974
# LO_SIGMA = 63.0514 +- 0.00267974
# NLO_SIGMA = 0 +- 0
# SIGMA =   LO_SIGMA    +  NLO_SIGMA 
# SIGMA = (alpha_S/Pi)^3 * Sigma_0 + (alpha_S/Pi)^4 * Sigma_1 
# Sigma_0= 1.1404e+06
# Sigma_1= 0
# alpha_S/Pi = 0.038096
####################################################
# ATLAS binning N3 distribution 
# HISTSTART 
# DATASTART : centre-of-bin, data, errorestimate
0.125 2.88903 0.000542559
0.2875 6.00698 0.000891336
0.375 12.9242 0.00130851
0.475 15.3303 0.0014587
0.6 18.7337 0.00167823
0.8375 7.16723 0.00111464
# DATAEND 
# HISTEND 
