# 
# 
######################################################################################################### 
# ROOT FILE  CT107TeV_mt166_minus05_mu05_pt50_LO.root
######################################################################################################### 
# 
# 
#file number 0
#File name: ../../LOmtpole/dist.LO.mt166_minus05_CT10_mu05_pt50_10000.born_gg.out
#settings on the simulation: 
#./main.exe  --lhc --sqrtshad=7000 --topmass 165.5 --scale_value 83 --leadingorder --virtual --gg --ktmin 50 --vegaspoints 10000
#LHAPDF:  CT10.LHgrid
#alphasNLO  0.119682
#Total time of calc: 0.756563 d
#Calculated Process Cross-Section = 38.6185 +- 0.0497795
#LO  contribution
# 
#file number 1
#File name: ../../LOmtpole/dist.LO.mt166_minus05_CT10_mu05_pt50_10000.born_qqb.out
#settings on the simulation: 
#./main.exe  --lhc --sqrtshad=7000 --topmass 165.5 --scale_value 83 --leadingorder --virtual --qqb --ktmin 50 --vegaspoints 10000
#LHAPDF:  CT10.LHgrid
#alphasNLO  0.119682
#Total time of calc: 0.539329 d
#Calculated Process Cross-Section = 3.55674 +- 0.0155949
#LO  contribution
# 
#file number 2
#File name: ../../LOmtpole/dist.LO.mt166_minus05_CT10_mu05_pt50_10000.born_qg.out
#settings on the simulation: 
#./main.exe  --lhc --sqrtshad=7000 --topmass 165.5 --scale_value 83 --leadingorder --virtual --qg --ktmin 50 --vegaspoints 10000
#LHAPDF:  CT10.LHgrid
#alphasNLO  0.119682
#Total time of calc: 0.636215 d
#Calculated Process Cross-Section = 18.2343 +- 0.0326497
#LO  contribution
# 
#file number 3
#File name: ../../LOmtpole/dist.LO.mt166_minus05_CT10_mu05_pt50_10000.born_gqb.out
#settings on the simulation: 
#./main.exe  --lhc --sqrtshad=7000 --topmass 165.5 --scale_value 83 --leadingorder --virtual --gqb --ktmin 50 --vegaspoints 10000
#LHAPDF:  CT10.LHgrid
#alphasNLO  0.119682
#Total time of calc: 0.629178 d
#Calculated Process Cross-Section = 3.41539 +- 0.0136088
#LO  contribution
# 
# 
# 
####################################################
# SUMMARY RESULTS FOR: CT107TeV_mt166_minus05_mu05_pt50_NLO
# JETALGORITHM = antikt
# JETCONESIZE = 0.4
# JETMINIMUMPT = 50
# TOPPOLEMASS = 166
# DELTATOPPOLEMASS = -0.5
# SCALEFACTOR = 0.5
# SCALE = SCALEFACTOR*TOPPOLEMASS, no SCALEFACTOR*(TOPPOLEMASS+DELTATOPMASS)
# alpha_S(Q=Mt*mu) = 0.119682
# SIGMA tt+Jet = 63.8249 +- 0.00271483
# LO_SIGMA = 63.8249 +- 0.00271483
# NLO_SIGMA = 0 +- 0
# SIGMA =   LO_SIGMA    +  NLO_SIGMA 
# SIGMA = (alpha_S/Pi)^3 * Sigma_0 + (alpha_S/Pi)^4 * Sigma_1 
# Sigma_0= 1.15439e+06
# Sigma_1= 0
# alpha_S/Pi = 0.038096
####################################################
# ATLAS binning N3 distribution 
# HISTSTART 
# DATASTART : centre-of-bin, data, errorestimate
0.125 2.90434 0.000547539
0.2875 6.04503 0.000900106
0.375 13.0204 0.00132232
0.475 15.4731 0.00147498
0.6 18.9884 0.00169992
0.8375 7.39358 0.00113932
# DATAEND 
# HISTEND 
