# 
# 
######################################################################################################### 
# ROOT FILE  CT107TeV_mt164_mu05_pt50_NLO.root
######################################################################################################### 
# 
# 
#Calculated Process Cross-Section = 0 +- 0
#LO  contribution
# 
#Calculated Process Cross-Section = 0 +- 0
#LO  contribution
# 
#Calculated Process Cross-Section = 0 +- 0
#LO  contribution
# 
#Calculated Process Cross-Section = 0 +- 0
#LO  contribution
# 
#Calculated Process Cross-Section = 0 +- 0
#NLO  contribution
# 
#Calculated Process Cross-Section = 0 +- 0
#NLO  contribution
# 
#Calculated Process Cross-Section = 0 +- 0
#NLO  contribution
# 
#Calculated Process Cross-Section = 0 +- 0
#NLO  contribution
# 
#Calculated Process Cross-Section = 0 +- 0
#NLO  contribution
# 
#Calculated Process Cross-Section = 0 +- 0
#NLO  contribution
# 
#Calculated Process Cross-Section = 0 +- 0
#NLO  contribution
# 
#Calculated Process Cross-Section = 0 +- 0
#NLO  contribution
# 
#Calculated Process Cross-Section = 0 +- 0
#NLO  contribution
# 
#Calculated Process Cross-Section = 0 +- 0
#NLO  contribution
# 
#Calculated Process Cross-Section = 0 +- 0
#NLO  contribution
# 
#Calculated Process Cross-Section = 0 +- 0
#NLO  contribution
# 
#Calculated Process Cross-Section = 0 +- 0
#NLO  contribution
# 
#Calculated Process Cross-Section = 0 +- 0
#NLO  contribution
# 
#Calculated Process Cross-Section = 0 +- 0
#NLO  contribution
# 
#Calculated Process Cross-Section = 0 +- 0
#NLO  contribution
# 
#Calculated Process Cross-Section = 0 +- 0
#NLO  contribution
# 
#Calculated Process Cross-Section = 0 +- 0
#NLO  contribution
# 
#Calculated Process Cross-Section = 0 +- 0
#NLO  contribution
# 
#Calculated Process Cross-Section = 0 +- 0
#NLO  contribution
# 
# 
# 
####################################################
# SUMMARY RESULTS FOR: CT107TeV_mt164_mu05_pt50_NLO
# JETALGORITHM = antikt
# JETCONESIZE = 0.4
# JETMINIMUMPT = 50
# TOPPOLEMASS = 164
# SCALEFACTOR = 0.5
# SCALE = SCALEFACTOR x TOPPOLEMASS
# alpha_S(Q=Mt*mu) = 0
# SIGMA tt+Jet = 0 +- 0
# LO_SIGMA = 0 +- 0
# NLO_SIGMA = 0 +- 0
# SIGMA =   LO_SIGMA    +  NLO_SIGMA 
# SIGMA = (alpha_S/Pi)^3 * Sigma_0 + (alpha_S/Pi)^4 * Sigma_1 
# Sigma_0= -nan
# Sigma_1= -nan
# alpha_S/Pi = 0
####################################################
# ATLAS binning N3 distribution 
# HISTSTART 
# DATASTART : centre-of-bin, data, errorestimate
0 0 0
0 0 0
0 0 0
0 0 0
0 0 0
0 0 0
# DATAEND 
# HISTEND 
