# 
# 
######################################################################################################### 
# ROOT FILE  CT107TeV_mt166_mu2_pt50_NLO.root
######################################################################################################### 
# 
# 
#file number 0
#File name: ../../NLOmtpole/ttj_mu2/mt166/dist.mt166_CT10_mu2_pt50_10000.born_gg.out
#settings on the simulation: 
#./main.exe  --lhc --sqrtshad 7000 --topmass 166 --scale 2.0 --leadingorder --virtual --gg --ktmin 50 --vegaspoints
#LHAPDF:  CT10.LHgrid
#alphasNLO  0.0987992
#              File Ok, n3 (atlas) distribution found 
#Total time of calc: 1.00115 d
#Calculated Process Cross-Section = 16.0361 +- 0.0320624
#LO  contribution
# 
#file number 1
#File name: ../../NLOmtpole/ttj_mu2/mt166/dist.mt166_CT10_mu2_pt50_10000.born_qqb.out
#settings on the simulation: 
#./main.exe  --lhc --sqrtshad 7000 --topmass 166 --scale 2.0 --leadingorder --virtual --qqb --ktmin 50 --vegaspoints
#LHAPDF:  CT10.LHgrid
#alphasNLO  0.0987992
#              File Ok, n3 (atlas) distribution found 
#Total time of calc: 0.723113 d
#Calculated Process Cross-Section = 1.7643 +- 0.0110136
#LO  contribution
# 
#file number 2
#File name: ../../NLOmtpole/ttj_mu2/mt166/dist.mt166_CT10_mu2_pt50_10000.born_qg.out
#settings on the simulation: 
#./main.exe  --lhc --sqrtshad=7000 --topmass 166 --scale 2.0 --leadingorder --virtual --qg --ktmin 50 --vegaspoints 10000
#LHAPDF:  CT10.LHgrid
#alphasNLO  0.0987992
#              File Ok, n3 (atlas) distribution found 
#Total time of calc: 0.638519 d
#Calculated Process Cross-Section = 8.22376 +- 0.021975
#LO  contribution
# 
#file number 3
#File name: ../../NLOmtpole/ttj_mu2/mt166/dist.mt166_CT10_mu2_pt50_10000.born_gqb.out
#settings on the simulation: 
#./main.exe  --lhc --sqrtshad 7000 --topmass 166 --scale 2.0 --leadingorder --virtual --gqb --ktmin 50 --vegaspoints
#LHAPDF:  CT10.LHgrid
#alphasNLO  0.0987992
#              File Ok, n3 (atlas) distribution found 
#Total time of calc: 1.1742 d
#Calculated Process Cross-Section = 1.55035 +- 0.00915696
#LO  contribution
# 
#file number 4
#File name: ../../NLOmtpole/ttj_mu2/mt166/dist.mt166_CT10_mu2_pt50_10000.virtual_gg.out
#settings on the simulation: 
#./main.exe  --lhc --sqrtshad=7000 --topmass 166 --scale 2.0 --virtual --gg --ktmin 50 --vegaspoints 10000
#LHAPDF:  CT10.LHgrid
#alphasNLO  0.0987992
#              File Ok, n3 (atlas) distribution found 
#Total time of calc: 1.9911 d
#Calculated Process Cross-Section = 4.82488 +- 0.144776
#NLO  contribution
# 
#file number 5
#File name: ../../NLOmtpole/ttj_mu2/mt166/dist.mt166_CT10_mu2_pt50_10000.virtual_qqb.out
#settings on the simulation: 
#./main.exe  --lhc --sqrtshad=7000 --topmass 166 --scale 2.0 --virtual --qqb --ktmin 50 --vegaspoints 10000
#LHAPDF:  CT10.LHgrid
#alphasNLO  0.0987992
#              File Ok, n3 (atlas) distribution found 
#Total time of calc: 1.0255 d
#Calculated Process Cross-Section = 0.230156 +- 0.017309
#NLO  contribution
# 
#file number 6
#File name: ../../NLOmtpole/ttj_mu2/mt166/dist.mt166_CT10_mu2_pt50_10000.virtual_qg.out
#settings on the simulation: 
#./main.exe  --lhc --sqrtshad=7000 --topmass 166 --scale 2.0 --virtual --qg --ktmin 50 --vegaspoints 10000
#LHAPDF:  CT10.LHgrid
#alphasNLO  0.0987992
#              File Ok, n3 (atlas) distribution found 
#Total time of calc: 1.19279 d
#Calculated Process Cross-Section = 3.67422 +- 0.039064
#NLO  contribution
# 
#file number 7
#File name: ../../NLOmtpole/ttj_mu2/mt166/dist.mt166_CT10_mu2_pt50_10000.virtual_gqb.out
#settings on the simulation: 
#./main.exe  --lhc --sqrtshad=7000 --topmass 166 --scale 2.0 --virtual --gqb --ktmin 50 --vegaspoints 10000
#LHAPDF:  CT10.LHgrid
#alphasNLO  0.0987992
#              File Ok, n3 (atlas) distribution found 
#Total time of calc: 1.16242 d
#Calculated Process Cross-Section = 0.742047 +- 0.0166853
#NLO  contribution
# 
#file number 8
#File name: ../../NLOmtpole/ttj_mu2/mt166/dist.mt166_CT10_mu2_pt50_10000.real_proc0.out
#settings on the simulation: 
#./main.exe  --lhc --sqrtshad=7000 --topmass 166 --scale 2.0 --real --proc 0 --ktmin 50 --vegaspoints 10000
#LHAPDF:  CT10.LHgrid
#alphasNLO  0.0987992
#              File Ok, n3 (atlas) distribution found 
#Total time of calc: 3.82954 d
#Calculated Process Cross-Section = -4.41239 +- 0.169529
#NLO  contribution
# 
#file number 9
#File name: ../../NLOmtpole/ttj_mu2/mt166/dist.mt166_CT10_mu2_pt50_10000.real_proc1.out
#settings on the simulation: 
#./main.exe  --lhc --sqrtshad=7000 --topmass 166 --scale 2.0 --real --proc 1 --ktmin 50 --vegaspoints 10000
#LHAPDF:  CT10.LHgrid
#alphasNLO  0.0987992
#              File Ok, n3 (atlas) distribution found 
#Total time of calc: 1.56741 d
#Calculated Process Cross-Section = -0.29987 +- 0.0528205
#NLO  contribution
# 
#file number 10
#File name: ../../NLOmtpole/ttj_mu2/mt166/dist.mt166_CT10_mu2_pt50_10000.real_proc3.out
#settings on the simulation: 
#./main.exe  --lhc --sqrtshad=7000 --topmass 166 --scale 2.0 --real --proc 3 --ktmin 50 --vegaspoints 10000
#LHAPDF:  CT10.LHgrid
#alphasNLO  0.0987992
#              File Ok, n3 (atlas) distribution found 
#Total time of calc: 4.09274 d
#Calculated Process Cross-Section = -0.512116 +- 0.035426
#NLO  contribution
# 
#file number 11
#File name: ../../NLOmtpole/ttj_mu2/mt166/dist.mt166_CT10_mu2_pt50_10000.real_proc6.out
#settings on the simulation: 
#./main.exe  --lhc --sqrtshad=7000 --topmass 166 --scale 2.0 --real --proc 6 --ktmin 50 --vegaspoints 10000
#LHAPDF:  CT10.LHgrid
#alphasNLO  0.0987992
#              File Ok, n3 (atlas) distribution found 
#Total time of calc: 1.50707 d
#Calculated Process Cross-Section = -3.40016 +- 0.114455
#NLO  contribution
# 
#file number 12
#File name: ../../NLOmtpole/ttj_mu2/mt166/dist.mt166_CT10_mu2_pt50_10000.real_proc7.out
#settings on the simulation: 
#./main.exe  --lhc --sqrtshad=7000 --topmass 166 --scale 2.0 --real --proc 7 --ktmin 50 --vegaspoints 10000
#LHAPDF:  CT10.LHgrid
#alphasNLO  0.0987992
#              File Ok, n3 (atlas) distribution found 
#Total time of calc: 0.696296 d
#Calculated Process Cross-Section = -1.02993 +- 0.099549
#NLO  contribution
# 
#file number 13
#File name: ../../NLOmtpole/ttj_mu2/mt166/dist.mt166_CT10_mu2_pt50_10000.real_proc8.out
#settings on the simulation: 
#./main.exe  --lhc --sqrtshad=7000 --topmass 166 --scale 2.0 --real --proc 8 --ktmin 50 --vegaspoints 10000
#LHAPDF:  CT10.LHgrid
#alphasNLO  0.0987992
#              File Ok, n3 (atlas) distribution found 
#Total time of calc: 0.890012 d
#Calculated Process Cross-Section = -0.00680556 +- 0.00250878
#NLO  contribution
# 
#file number 14
#File name: ../../NLOmtpole/ttj_mu2/mt166/dist.mt166_CT10_mu2_pt50_10000.real_proc9.out
#settings on the simulation: 
#./main.exe  --lhc --sqrtshad=7000 --topmass 166 --scale 2.0 --real --proc 9 --ktmin 50 --vegaspoints 10000
#LHAPDF:  CT10.LHgrid
#alphasNLO  0.0987992
#              File Ok, n3 (atlas) distribution found 
#Total time of calc: 0.763657 d
#Calculated Process Cross-Section = -0.233079 +- 0.0183112
#NLO  contribution
# 
#file number 15
#File name: ../../NLOmtpole/ttj_mu2/mt166/dist.mt166_CT10_mu2_pt50_10000.real_proc11.out
#settings on the simulation: 
#./main.exe  --lhc --sqrtshad=7000 --topmass 166 --scale 2.0 --real --proc 11 --ktmin 50 --vegaspoints 10000
#LHAPDF:  CT10.LHgrid
#alphasNLO  0.0987992
#              File Ok, n3 (atlas) distribution found 
#Total time of calc: 0.636863 d
#Calculated Process Cross-Section = -0.103686 +- 0.0149332
#NLO  contribution
# 
#file number 16
#File name: ../../NLOmtpole/ttj_mu2/mt166/dist.mt166_CT10_mu2_pt50_10000.real_proc13.out
#settings on the simulation: 
#./main.exe  --lhc --sqrtshad=7000 --topmass 166 --scale 2.0 --real --proc 13 --ktmin 50 --vegaspoints 10000
#LHAPDF:  CT10.LHgrid
#alphasNLO  0.0987992
#              File Ok, n3 (atlas) distribution found 
#Total time of calc: 0.864688 d
#Calculated Process Cross-Section = -0.0498273 +- 0.0157379
#NLO  contribution
# 
#file number 17
#File name: ../../NLOmtpole/ttj_mu2/mt166/dist.mt166_CT10_mu2_pt50_10000.real_proc14.out
#settings on the simulation: 
#./main.exe  --lhc --sqrtshad=7000 --topmass 166 --scale 2.0 --real --proc 14 --ktmin 50 --vegaspoints 10000
#LHAPDF:  CT10.LHgrid
#alphasNLO  0.0987992
#              File Ok, n3 (atlas) distribution found 
#Total time of calc: 0.699421 d
#Calculated Process Cross-Section = -0.0023279 +- 0.00207316
#NLO  contribution
# 
#file number 18
#File name: ../../NLOmtpole/ttj_mu2/mt166/dist.mt166_CT10_mu2_pt50_10000.real_proc15.out
#settings on the simulation: 
#./main.exe  --lhc --sqrtshad=7000 --topmass 166 --scale 2.0 --real --proc 15 --ktmin 50 --vegaspoints 10000
#LHAPDF:  CT10.LHgrid
#alphasNLO  0.0987992
#              File Ok, n3 (atlas) distribution found 
#Total time of calc: 0.796238 d
#Calculated Process Cross-Section = -0.236435 +- 0.0170909
#NLO  contribution
# 
#file number 19
#File name: ../../NLOmtpole/ttj_mu2/mt166/dist.mt166_CT10_mu2_pt50_10000.real_proc17.out
#settings on the simulation: 
#./main.exe  --lhc --sqrtshad=7000 --topmass 166 --scale 2.0 --real --proc 17 --ktmin 50 --vegaspoints 10000
#LHAPDF:  CT10.LHgrid
#alphasNLO  0.0987992
#              File Ok, n3 (atlas) distribution found 
#Total time of calc: 0.708113 d
#Calculated Process Cross-Section = -0.0526213 +- 0.0134499
#NLO  contribution
# 
#file number 20
#File name: ../../NLOmtpole/ttj_mu2/mt166/dist.mt166_CT10_mu2_pt50_10000.subtractions_proc18.out
#settings on the simulation: 
#./main.exe  --lhc --sqrtshad=7000 --topmass 166 --scale 2.0 --subtractions --proc 18 --ktmin 50 --vegaspoints 10000
#LHAPDF:  CT10.LHgrid
#alphasNLO  0.0987992
#              File Ok, n3 (atlas) distribution found 
#Total time of calc: 0.426644 d
#Calculated Process Cross-Section = 12.3388 +- 0.069419
#NLO  contribution
# 
#file number 21
#File name: ../../NLOmtpole/ttj_mu2/mt166/dist.mt166_CT10_mu2_pt50_10000.subtractions_proc20.out
#settings on the simulation: 
#./main.exe  --lhc --sqrtshad=7000 --topmass 166 --scale 2.0 --subtractions --proc 20 --ktmin 50 --vegaspoints 10000
#LHAPDF:  CT10.LHgrid
#alphasNLO  0.0987992
#              File Ok, n3 (atlas) distribution found 
#Total time of calc: 0.667141 d
#Calculated Process Cross-Section = 0.478753 +- 0.0162019
#NLO  contribution
# 
#file number 22
#File name: ../../NLOmtpole/ttj_mu2/mt166/dist.mt166_CT10_mu2_pt50_10000.subtractions_proc21.out
#settings on the simulation: 
#./main.exe  --lhc --sqrtshad=7000 --topmass 166 --scale 2.0 --subtractions --proc 21 --ktmin 50 --vegaspoints 10000
#LHAPDF:  CT10.LHgrid
#alphasNLO  0.0987992
#              File Ok, n3 (atlas) distribution found 
#Total time of calc: 0.907674 d
#Calculated Process Cross-Section = 0.735378 +- 0.0156269
#NLO  contribution
# 
#file number 23
#File name: ../../NLOmtpole/ttj_mu2/mt166/dist.mt166_CT10_mu2_pt50_10000.subtractions_proc24.out
#settings on the simulation: 
#./main.exe  --lhc --sqrtshad=7000 --topmass 166 --scale 2.0 --subtractions --proc 24 --ktmin 50 --vegaspoints 10000
#LHAPDF:  CT10.LHgrid
#alphasNLO  0.0987992
#              File Ok, n3 (atlas) distribution found 
#Total time of calc: 0.897882 d
#Calculated Process Cross-Section = 3.9041 +- 0.0337491
#NLO  contribution
# 
# 
# 
####################################################
# SUMMARY RESULTS FOR: CT107TeV_mt166_mu2_pt50_NLO
# JETALGORITHM = antikt
# JETCONESIZE = 0.4
# JETMINIMUMPT = 50
# TOPMASS = 166
# SCALE = 2
# alpha_S(Q=Mt*mu) = 0.0987992
# SIGMA tt+Jet = 44.1636 +- 0.0384571
# LO_SIGMA = 27.5745 +- 0.0011453
# NLO_SIGMA = 16.5891 +- 0.03844
# SIGMA =   LO_SIGMA    +  NLO_SIGMA 
# SIGMA = (alpha_S/Pi)^3 * Sigma_0 + (alpha_S/Pi)^4 * Sigma_1 
# Sigma_0= 886536
# Sigma_1= 1.69594e+07
# alpha_S/Pi = 0.0314488
####################################################
